<?xml version="1.0" encoding="UTF-8"?>
<!-- Generated by org.testng.reporters.JUnitXMLReporter -->
<testsuite ignored="0" hostname="DESKTOP-BG0G3RF" failures="0" tests="2" name="Login Tests" time="7.986" errors="0" timestamp="2024-11-24T22:17:12 ICT">
  <testcase classname="tests.LoginTest" name="@AfterMethod tearDown" time="0.008">
    <failure type="java.lang.StackOverflowError">
      <![CDATA[java.lang.StackOverflowError
at tests.LoginTest.tearDown(LoginTest.java:39)
at tests.LoginTest.tearDown(LoginTest.java:39)
at tests.LoginTest.tearDown(LoginTest.java:39)
at tests.LoginTest.tearDown(LoginTest.java:39)
at tests.LoginTest.tearDown(LoginTest.java:39)
at tests.LoginTest.tearDown(LoginTest.java:39)
at tests.LoginTest.tearDown(LoginTest.java:39)
at tests.LoginTest.tearDown(LoginTest.java:39)
at tests.LoginTest.tearDown(LoginTest.java:39)
at tests.LoginTest.tearDown(LoginTest.java:39)
at tests.LoginTest.tearDown(LoginTest.java:39)
at tests.LoginTest.tearDown(LoginTest.java:39)
at tests.LoginTest.tearDown(LoginTest.java:39)
at tests.LoginTest.tearDown(LoginTest.java:39)
at tests.LoginTest.tearDown(LoginTest.java:39)
at tests.LoginTest.tearDown(LoginTest.java:39)
at tests.LoginTest.tearDown(LoginTest.java:39)
at tests.LoginTest.tearDown(LoginTest.java:39)
at tests.LoginTest.tearDown(LoginTest.java:39)
at tests.LoginTest.tearDown(LoginTest.java:39)
at tests.LoginTest.tearDown(LoginTest.java:39)
at tests.LoginTest.tearDown(LoginTest.java:39)
at tests.LoginTest.tearDown(LoginTest.java:39)
at tests.LoginTest.tearDown(LoginTest.java:39)
at tests.LoginTest.tearDown(LoginTest.java:39)
at tests.LoginTest.tearDown(LoginTest.java:39)
at tests.LoginTest.tearDown(LoginTest.java:39)
at tests.LoginTest.tearDown(LoginTest.java:39)
at tests.LoginTest.tearDown(LoginTest.java:39)
at tests.LoginTest.tearDown(LoginTest.java:39)
at tests.LoginTest.tearDown(LoginTest.java:39)
at tests.LoginTest.tearDown(LoginTest.java:39)
at tests.LoginTest.tearDown(LoginTest.java:39)
at tests.LoginTest.tearDown(LoginTest.java:39)
at tests.LoginTest.tearDown(LoginTest.java:39)
at tests.LoginTest.tearDown(LoginTest.java:39)
at tests.LoginTest.tearDown(LoginTest.java:39)
at tests.LoginTest.tearDown(LoginTest.java:39)
at tests.LoginTest.tearDown(LoginTest.java:39)
at tests.LoginTest.tearDown(LoginTest.java:39)
at tests.LoginTest.tearDown(LoginTest.java:39)
at tests.LoginTest.tearDown(LoginTest.java:39)
at tests.LoginTest.tearDown(LoginTest.java:39)
at tests.LoginTest.tearDown(LoginTest.java:39)
at tests.LoginTest.tearDown(LoginTest.java:39)
at tests.LoginTest.tearDown(LoginTest.java:39)
at tests.LoginTest.tearDown(LoginTest.java:39)
at tests.LoginTest.tearDown(LoginTest.java:39)
at tests.LoginTest.tearDown(LoginTest.java:39)
at tests.LoginTest.tearDown(LoginTest.java:39)
at tests.LoginTest.tearDown(LoginTest.java:39)
at tests.LoginTest.tearDown(LoginTest.java:39)
at tests.LoginTest.tearDown(LoginTest.java:39)
at tests.LoginTest.tearDown(LoginTest.java:39)
at tests.LoginTest.tearDown(LoginTest.java:39)
at tests.LoginTest.tearDown(LoginTest.java:39)
at tests.LoginTest.tearDown(LoginTest.java:39)
at tests.LoginTest.tearDown(LoginTest.java:39)
at tests.LoginTest.tearDown(LoginTest.java:39)
at tests.LoginTest.tearDown(LoginTest.java:39)
at tests.LoginTest.tearDown(LoginTest.java:39)
at tests.LoginTest.tearDown(LoginTest.java:39)
at tests.LoginTest.tearDown(LoginTest.java:39)
at tests.LoginTest.tearDown(LoginTest.java:39)
at tests.LoginTest.tearDown(LoginTest.java:39)
at tests.LoginTest.tearDown(LoginTest.java:39)
at tests.LoginTest.tearDown(LoginTest.java:39)
at tests.LoginTest.tearDown(LoginTest.java:39)
at tests.LoginTest.tearDown(LoginTest.java:39)
at tests.LoginTest.tearDown(LoginTest.java:39)
at tests.LoginTest.tearDown(LoginTest.java:39)
at tests.LoginTest.tearDown(LoginTest.java:39)
at tests.LoginTest.tearDown(LoginTest.java:39)
at tests.LoginTest.tearDown(LoginTest.java:39)
at tests.LoginTest.tearDown(LoginTest.java:39)
at tests.LoginTest.tearDown(LoginTest.java:39)
at tests.LoginTest.tearDown(LoginTest.java:39)
at tests.LoginTest.tearDown(LoginTest.java:39)
at tests.LoginTest.tearDown(LoginTest.java:39)
at tests.LoginTest.tearDown(LoginTest.java:39)
at tests.LoginTest.tearDown(LoginTest.java:39)
at tests.LoginTest.tearDown(LoginTest.java:39)
at tests.LoginTest.tearDown(LoginTest.java:39)
at tests.LoginTest.tearDown(LoginTest.java:39)
at tests.LoginTest.tearDown(LoginTest.java:39)
at tests.LoginTest.tearDown(LoginTest.java:39)
at tests.LoginTest.tearDown(LoginTest.java:39)
at tests.LoginTest.tearDown(LoginTest.java:39)
at tests.LoginTest.tearDown(LoginTest.java:39)
at tests.LoginTest.tearDown(LoginTest.java:39)
at tests.LoginTest.tearDown(LoginTest.java:39)
at tests.LoginTest.tearDown(LoginTest.java:39)
at tests.LoginTest.tearDown(LoginTest.java:39)
at tests.LoginTest.tearDown(LoginTest.java:39)
at tests.LoginTest.tearDown(LoginTest.java:39)
at tests.LoginTest.tearDown(LoginTest.java:39)
at tests.LoginTest.tearDown(LoginTest.java:39)
at tests.LoginTest.tearDown(LoginTest.java:39)
at tests.LoginTest.tearDown(LoginTest.java:39)
at tests.LoginTest.tearDown(LoginTest.java:39)
at tests.LoginTest.tearDown(LoginTest.java:39)
at tests.LoginTest.tearDown(LoginTest.java:39)
at tests.LoginTest.tearDown(LoginTest.java:39)
at tests.LoginTest.tearDown(LoginTest.java:39)
at tests.LoginTest.tearDown(LoginTest.java:39)
at tests.LoginTest.tearDown(LoginTest.java:39)
at tests.LoginTest.tearDown(LoginTest.java:39)
at tests.LoginTest.tearDown(LoginTest.java:39)
at tests.LoginTest.tearDown(LoginTest.java:39)
at tests.LoginTest.tearDown(LoginTest.java:39)
at tests.LoginTest.tearDown(LoginTest.java:39)
at tests.LoginTest.tearDown(LoginTest.java:39)
at tests.LoginTest.tearDown(LoginTest.java:39)
at tests.LoginTest.tearDown(LoginTest.java:39)
at tests.LoginTest.tearDown(LoginTest.java:39)
at tests.LoginTest.tearDown(LoginTest.java:39)
at tests.LoginTest.tearDown(LoginTest.java:39)
at tests.LoginTest.tearDown(LoginTest.java:39)
at tests.LoginTest.tearDown(LoginTest.java:39)
at tests.LoginTest.tearDown(LoginTest.java:39)
at tests.LoginTest.tearDown(LoginTest.java:39)
at tests.LoginTest.tearDown(LoginTest.java:39)
at tests.LoginTest.tearDown(LoginTest.java:39)
at tests.LoginTest.tearDown(LoginTest.java:39)
at tests.LoginTest.tearDown(LoginTest.java:39)
at tests.LoginTest.tearDown(LoginTest.java:39)
at tests.LoginTest.tearDown(LoginTest.java:39)
at tests.LoginTest.tearDown(LoginTest.java:39)
at tests.LoginTest.tearDown(LoginTest.java:39)
at tests.LoginTest.tearDown(LoginTest.java:39)
at tests.LoginTest.tearDown(LoginTest.java:39)
at tests.LoginTest.tearDown(LoginTest.java:39)
at tests.LoginTest.tearDown(LoginTest.java:39)
at tests.LoginTest.tearDown(LoginTest.java:39)
at tests.LoginTest.tearDown(LoginTest.java:39)
at tests.LoginTest.tearDown(LoginTest.java:39)
at tests.LoginTest.tearDown(LoginTest.java:39)
at tests.LoginTest.tearDown(LoginTest.java:39)
at tests.LoginTest.tearDown(LoginTest.java:39)
at tests.LoginTest.tearDown(LoginTest.java:39)
at tests.LoginTest.tearDown(LoginTest.java:39)
at tests.LoginTest.tearDown(LoginTest.java:39)
at tests.LoginTest.tearDown(LoginTest.java:39)
at tests.LoginTest.tearDown(LoginTest.java:39)
at tests.LoginTest.tearDown(LoginTest.java:39)
at tests.LoginTest.tearDown(LoginTest.java:39)
at tests.LoginTest.tearDown(LoginTest.java:39)
at tests.LoginTest.tearDown(LoginTest.java:39)
at tests.LoginTest.tearDown(LoginTest.java:39)
at tests.LoginTest.tearDown(LoginTest.java:39)
at tests.LoginTest.tearDown(LoginTest.java:39)
at tests.LoginTest.tearDown(LoginTest.java:39)
at tests.LoginTest.tearDown(LoginTest.java:39)
at tests.LoginTest.tearDown(LoginTest.java:39)
at tests.LoginTest.tearDown(LoginTest.java:39)
at tests.LoginTest.tearDown(LoginTest.java:39)
at tests.LoginTest.tearDown(LoginTest.java:39)
at tests.LoginTest.tearDown(LoginTest.java:39)
at tests.LoginTest.tearDown(LoginTest.java:39)
at tests.LoginTest.tearDown(LoginTest.java:39)
at tests.LoginTest.tearDown(LoginTest.java:39)
at tests.LoginTest.tearDown(LoginTest.java:39)
at tests.LoginTest.tearDown(LoginTest.java:39)
at tests.LoginTest.tearDown(LoginTest.java:39)
at tests.LoginTest.tearDown(LoginTest.java:39)
at tests.LoginTest.tearDown(LoginTest.java:39)
at tests.LoginTest.tearDown(LoginTest.java:39)
at tests.LoginTest.tearDown(LoginTest.java:39)
at tests.LoginTest.tearDown(LoginTest.java:39)
at tests.LoginTest.tearDown(LoginTest.java:39)
at tests.LoginTest.tearDown(LoginTest.java:39)
at tests.LoginTest.tearDown(LoginTest.java:39)
at tests.LoginTest.tearDown(LoginTest.java:39)
at tests.LoginTest.tearDown(LoginTest.java:39)
at tests.LoginTest.tearDown(LoginTest.java:39)
at tests.LoginTest.tearDown(LoginTest.java:39)
at tests.LoginTest.tearDown(LoginTest.java:39)
at tests.LoginTest.tearDown(LoginTest.java:39)
at tests.LoginTest.tearDown(LoginTest.java:39)
at tests.LoginTest.tearDown(LoginTest.java:39)
at tests.LoginTest.tearDown(LoginTest.java:39)
at tests.LoginTest.tearDown(LoginTest.java:39)
at tests.LoginTest.tearDown(LoginTest.java:39)
at tests.LoginTest.tearDown(LoginTest.java:39)
at tests.LoginTest.tearDown(LoginTest.java:39)
at tests.LoginTest.tearDown(LoginTest.java:39)
at tests.LoginTest.tearDown(LoginTest.java:39)
at tests.LoginTest.tearDown(LoginTest.java:39)
at tests.LoginTest.tearDown(LoginTest.java:39)
at tests.LoginTest.tearDown(LoginTest.java:39)
at tests.LoginTest.tearDown(LoginTest.java:39)
at tests.LoginTest.tearDown(LoginTest.java:39)
at tests.LoginTest.tearDown(LoginTest.java:39)
at tests.LoginTest.tearDown(LoginTest.java:39)
at tests.LoginTest.tearDown(LoginTest.java:39)
at tests.LoginTest.tearDown(LoginTest.java:39)
at tests.LoginTest.tearDown(LoginTest.java:39)
at tests.LoginTest.tearDown(LoginTest.java:39)
at tests.LoginTest.tearDown(LoginTest.java:39)
at tests.LoginTest.tearDown(LoginTest.java:39)
at tests.LoginTest.tearDown(LoginTest.java:39)
at tests.LoginTest.tearDown(LoginTest.java:39)
at tests.LoginTest.tearDown(LoginTest.java:39)
at tests.LoginTest.tearDown(LoginTest.java:39)
at tests.LoginTest.tearDown(LoginTest.java:39)
at tests.LoginTest.tearDown(LoginTest.java:39)
at tests.LoginTest.tearDown(LoginTest.java:39)
at tests.LoginTest.tearDown(LoginTest.java:39)
at tests.LoginTest.tearDown(LoginTest.java:39)
at tests.LoginTest.tearDown(LoginTest.java:39)
at tests.LoginTest.tearDown(LoginTest.java:39)
at tests.LoginTest.tearDown(LoginTest.java:39)
at tests.LoginTest.tearDown(LoginTest.java:39)
at tests.LoginTest.tearDown(LoginTest.java:39)
at tests.LoginTest.tearDown(LoginTest.java:39)
at tests.LoginTest.tearDown(LoginTest.java:39)
at tests.LoginTest.tearDown(LoginTest.java:39)
at tests.LoginTest.tearDown(LoginTest.java:39)
at tests.LoginTest.tearDown(LoginTest.java:39)
at tests.LoginTest.tearDown(LoginTest.java:39)
at tests.LoginTest.tearDown(LoginTest.java:39)
at tests.LoginTest.tearDown(LoginTest.java:39)
at tests.LoginTest.tearDown(LoginTest.java:39)
at tests.LoginTest.tearDown(LoginTest.java:39)
at tests.LoginTest.tearDown(LoginTest.java:39)
at tests.LoginTest.tearDown(LoginTest.java:39)
at tests.LoginTest.tearDown(LoginTest.java:39)
at tests.LoginTest.tearDown(LoginTest.java:39)
at tests.LoginTest.tearDown(LoginTest.java:39)
at tests.LoginTest.tearDown(LoginTest.java:39)
at tests.LoginTest.tearDown(LoginTest.java:39)
at tests.LoginTest.tearDown(LoginTest.java:39)
at tests.LoginTest.tearDown(LoginTest.java:39)
at tests.LoginTest.tearDown(LoginTest.java:39)
at tests.LoginTest.tearDown(LoginTest.java:39)
at tests.LoginTest.tearDown(LoginTest.java:39)
at tests.LoginTest.tearDown(LoginTest.java:39)
at tests.LoginTest.tearDown(LoginTest.java:39)
at tests.LoginTest.tearDown(LoginTest.java:39)
at tests.LoginTest.tearDown(LoginTest.java:39)
at tests.LoginTest.tearDown(LoginTest.java:39)
at tests.LoginTest.tearDown(LoginTest.java:39)
at tests.LoginTest.tearDown(LoginTest.java:39)
at tests.LoginTest.tearDown(LoginTest.java:39)
at tests.LoginTest.tearDown(LoginTest.java:39)
at tests.LoginTest.tearDown(LoginTest.java:39)
at tests.LoginTest.tearDown(LoginTest.java:39)
at tests.LoginTest.tearDown(LoginTest.java:39)
at tests.LoginTest.tearDown(LoginTest.java:39)
at tests.LoginTest.tearDown(LoginTest.java:39)
at tests.LoginTest.tearDown(LoginTest.java:39)
at tests.LoginTest.tearDown(LoginTest.java:39)
at tests.LoginTest.tearDown(LoginTest.java:39)
at tests.LoginTest.tearDown(LoginTest.java:39)
at tests.LoginTest.tearDown(LoginTest.java:39)
at tests.LoginTest.tearDown(LoginTest.java:39)
at tests.LoginTest.tearDown(LoginTest.java:39)
at tests.LoginTest.tearDown(LoginTest.java:39)
at tests.LoginTest.tearDown(LoginTest.java:39)
at tests.LoginTest.tearDown(LoginTest.java:39)
at tests.LoginTest.tearDown(LoginTest.java:39)
at tests.LoginTest.tearDown(LoginTest.java:39)
at tests.LoginTest.tearDown(LoginTest.java:39)
at tests.LoginTest.tearDown(LoginTest.java:39)
at tests.LoginTest.tearDown(LoginTest.java:39)
at tests.LoginTest.tearDown(LoginTest.java:39)
at tests.LoginTest.tearDown(LoginTest.java:39)
at tests.LoginTest.tearDown(LoginTest.java:39)
at tests.LoginTest.tearDown(LoginTest.java:39)
at tests.LoginTest.tearDown(LoginTest.java:39)
at tests.LoginTest.tearDown(LoginTest.java:39)
at tests.LoginTest.tearDown(LoginTest.java:39)
at tests.LoginTest.tearDown(LoginTest.java:39)
at tests.LoginTest.tearDown(LoginTest.java:39)
at tests.LoginTest.tearDown(LoginTest.java:39)
at tests.LoginTest.tearDown(LoginTest.java:39)
at tests.LoginTest.tearDown(LoginTest.java:39)
at tests.LoginTest.tearDown(LoginTest.java:39)
at tests.LoginTest.tearDown(LoginTest.java:39)
at tests.LoginTest.tearDown(LoginTest.java:39)
at tests.LoginTest.tearDown(LoginTest.java:39)
at tests.LoginTest.tearDown(LoginTest.java:39)
at tests.LoginTest.tearDown(LoginTest.java:39)
at tests.LoginTest.tearDown(LoginTest.java:39)
at tests.LoginTest.tearDown(LoginTest.java:39)
at tests.LoginTest.tearDown(LoginTest.java:39)
at tests.LoginTest.tearDown(LoginTest.java:39)
at tests.LoginTest.tearDown(LoginTest.java:39)
at tests.LoginTest.tearDown(LoginTest.java:39)
at tests.LoginTest.tearDown(LoginTest.java:39)
at tests.LoginTest.tearDown(LoginTest.java:39)
at tests.LoginTest.tearDown(LoginTest.java:39)
at tests.LoginTest.tearDown(LoginTest.java:39)
at tests.LoginTest.tearDown(LoginTest.java:39)
at tests.LoginTest.tearDown(LoginTest.java:39)
at tests.LoginTest.tearDown(LoginTest.java:39)
at tests.LoginTest.tearDown(LoginTest.java:39)
at tests.LoginTest.tearDown(LoginTest.java:39)
at tests.LoginTest.tearDown(LoginTest.java:39)
at tests.LoginTest.tearDown(LoginTest.java:39)
at tests.LoginTest.tearDown(LoginTest.java:39)
at tests.LoginTest.tearDown(LoginTest.java:39)
at tests.LoginTest.tearDown(LoginTest.java:39)
at tests.LoginTest.tearDown(LoginTest.java:39)
at tests.LoginTest.tearDown(LoginTest.java:39)
at tests.LoginTest.tearDown(LoginTest.java:39)
at tests.LoginTest.tearDown(LoginTest.java:39)
at tests.LoginTest.tearDown(LoginTest.java:39)
at tests.LoginTest.tearDown(LoginTest.java:39)
at tests.LoginTest.tearDown(LoginTest.java:39)
at tests.LoginTest.tearDown(LoginTest.java:39)
at tests.LoginTest.tearDown(LoginTest.java:39)
at tests.LoginTest.tearDown(LoginTest.java:39)
at tests.LoginTest.tearDown(LoginTest.java:39)
at tests.LoginTest.tearDown(LoginTest.java:39)
at tests.LoginTest.tearDown(LoginTest.java:39)
at tests.LoginTest.tearDown(LoginTest.java:39)
at tests.LoginTest.tearDown(LoginTest.java:39)
at tests.LoginTest.tearDown(LoginTest.java:39)
at tests.LoginTest.tearDown(LoginTest.java:39)
at tests.LoginTest.tearDown(LoginTest.java:39)
at tests.LoginTest.tearDown(LoginTest.java:39)
at tests.LoginTest.tearDown(LoginTest.java:39)
at tests.LoginTest.tearDown(LoginTest.java:39)
at tests.LoginTest.tearDown(LoginTest.java:39)
at tests.LoginTest.tearDown(LoginTest.java:39)
at tests.LoginTest.tearDown(LoginTest.java:39)
at tests.LoginTest.tearDown(LoginTest.java:39)
at tests.LoginTest.tearDown(LoginTest.java:39)
at tests.LoginTest.tearDown(LoginTest.java:39)
at tests.LoginTest.tearDown(LoginTest.java:39)
at tests.LoginTest.tearDown(LoginTest.java:39)
at tests.LoginTest.tearDown(LoginTest.java:39)
at tests.LoginTest.tearDown(LoginTest.java:39)
at tests.LoginTest.tearDown(LoginTest.java:39)
at tests.LoginTest.tearDown(LoginTest.java:39)
at tests.LoginTest.tearDown(LoginTest.java:39)
at tests.LoginTest.tearDown(LoginTest.java:39)
at tests.LoginTest.tearDown(LoginTest.java:39)
at tests.LoginTest.tearDown(LoginTest.java:39)
at tests.LoginTest.tearDown(LoginTest.java:39)
at tests.LoginTest.tearDown(LoginTest.java:39)
at tests.LoginTest.tearDown(LoginTest.java:39)
at tests.LoginTest.tearDown(LoginTest.java:39)
at tests.LoginTest.tearDown(LoginTest.java:39)
at tests.LoginTest.tearDown(LoginTest.java:39)
at tests.LoginTest.tearDown(LoginTest.java:39)
at tests.LoginTest.tearDown(LoginTest.java:39)
at tests.LoginTest.tearDown(LoginTest.java:39)
at tests.LoginTest.tearDown(LoginTest.java:39)
at tests.LoginTest.tearDown(LoginTest.java:39)
at tests.LoginTest.tearDown(LoginTest.java:39)
at tests.LoginTest.tearDown(LoginTest.java:39)
at tests.LoginTest.tearDown(LoginTest.java:39)
at tests.LoginTest.tearDown(LoginTest.java:39)
at tests.LoginTest.tearDown(LoginTest.java:39)
at tests.LoginTest.tearDown(LoginTest.java:39)
at tests.LoginTest.tearDown(LoginTest.java:39)
at tests.LoginTest.tearDown(LoginTest.java:39)
at tests.LoginTest.tearDown(LoginTest.java:39)
at tests.LoginTest.tearDown(LoginTest.java:39)
at tests.LoginTest.tearDown(LoginTest.java:39)
at tests.LoginTest.tearDown(LoginTest.java:39)
at tests.LoginTest.tearDown(LoginTest.java:39)
at tests.LoginTest.tearDown(LoginTest.java:39)
at tests.LoginTest.tearDown(LoginTest.java:39)
at tests.LoginTest.tearDown(LoginTest.java:39)
at tests.LoginTest.tearDown(LoginTest.java:39)
at tests.LoginTest.tearDown(LoginTest.java:39)
at tests.LoginTest.tearDown(LoginTest.java:39)
at tests.LoginTest.tearDown(LoginTest.java:39)
at tests.LoginTest.tearDown(LoginTest.java:39)
at tests.LoginTest.tearDown(LoginTest.java:39)
at tests.LoginTest.tearDown(LoginTest.java:39)
at tests.LoginTest.tearDown(LoginTest.java:39)
at tests.LoginTest.tearDown(LoginTest.java:39)
at tests.LoginTest.tearDown(LoginTest.java:39)
at tests.LoginTest.tearDown(LoginTest.java:39)
at tests.LoginTest.tearDown(LoginTest.java:39)
at tests.LoginTest.tearDown(LoginTest.java:39)
at tests.LoginTest.tearDown(LoginTest.java:39)
at tests.LoginTest.tearDown(LoginTest.java:39)
at tests.LoginTest.tearDown(LoginTest.java:39)
at tests.LoginTest.tearDown(LoginTest.java:39)
at tests.LoginTest.tearDown(LoginTest.java:39)
at tests.LoginTest.tearDown(LoginTest.java:39)
at tests.LoginTest.tearDown(LoginTest.java:39)
at tests.LoginTest.tearDown(LoginTest.java:39)
at tests.LoginTest.tearDown(LoginTest.java:39)
at tests.LoginTest.tearDown(LoginTest.java:39)
at tests.LoginTest.tearDown(LoginTest.java:39)
at tests.LoginTest.tearDown(LoginTest.java:39)
at tests.LoginTest.tearDown(LoginTest.java:39)
at tests.LoginTest.tearDown(LoginTest.java:39)
at tests.LoginTest.tearDown(LoginTest.java:39)
at tests.LoginTest.tearDown(LoginTest.java:39)
at tests.LoginTest.tearDown(LoginTest.java:39)
at tests.LoginTest.tearDown(LoginTest.java:39)
at tests.LoginTest.tearDown(LoginTest.java:39)
at tests.LoginTest.tearDown(LoginTest.java:39)
at tests.LoginTest.tearDown(LoginTest.java:39)
at tests.LoginTest.tearDown(LoginTest.java:39)
at tests.LoginTest.tearDown(LoginTest.java:39)
at tests.LoginTest.tearDown(LoginTest.java:39)
at tests.LoginTest.tearDown(LoginTest.java:39)
at tests.LoginTest.tearDown(LoginTest.java:39)
at tests.LoginTest.tearDown(LoginTest.java:39)
at tests.LoginTest.tearDown(LoginTest.java:39)
at tests.LoginTest.tearDown(LoginTest.java:39)
at tests.LoginTest.tearDown(LoginTest.java:39)
at tests.LoginTest.tearDown(LoginTest.java:39)
at tests.LoginTest.tearDown(LoginTest.java:39)
at tests.LoginTest.tearDown(LoginTest.java:39)
at tests.LoginTest.tearDown(LoginTest.java:39)
at tests.LoginTest.tearDown(LoginTest.java:39)
at tests.LoginTest.tearDown(LoginTest.java:39)
at tests.LoginTest.tearDown(LoginTest.java:39)
at tests.LoginTest.tearDown(LoginTest.java:39)
at tests.LoginTest.tearDown(LoginTest.java:39)
at tests.LoginTest.tearDown(LoginTest.java:39)
at tests.LoginTest.tearDown(LoginTest.java:39)
at tests.LoginTest.tearDown(LoginTest.java:39)
at tests.LoginTest.tearDown(LoginTest.java:39)
at tests.LoginTest.tearDown(LoginTest.java:39)
at tests.LoginTest.tearDown(LoginTest.java:39)
at tests.LoginTest.tearDown(LoginTest.java:39)
at tests.LoginTest.tearDown(LoginTest.java:39)
at tests.LoginTest.tearDown(LoginTest.java:39)
at tests.LoginTest.tearDown(LoginTest.java:39)
at tests.LoginTest.tearDown(LoginTest.java:39)
at tests.LoginTest.tearDown(LoginTest.java:39)
at tests.LoginTest.tearDown(LoginTest.java:39)
at tests.LoginTest.tearDown(LoginTest.java:39)
at tests.LoginTest.tearDown(LoginTest.java:39)
at tests.LoginTest.tearDown(LoginTest.java:39)
at tests.LoginTest.tearDown(LoginTest.java:39)
at tests.LoginTest.tearDown(LoginTest.java:39)
at tests.LoginTest.tearDown(LoginTest.java:39)
at tests.LoginTest.tearDown(LoginTest.java:39)
at tests.LoginTest.tearDown(LoginTest.java:39)
at tests.LoginTest.tearDown(LoginTest.java:39)
at tests.LoginTest.tearDown(LoginTest.java:39)
at tests.LoginTest.tearDown(LoginTest.java:39)
at tests.LoginTest.tearDown(LoginTest.java:39)
at tests.LoginTest.tearDown(LoginTest.java:39)
at tests.LoginTest.tearDown(LoginTest.java:39)
at tests.LoginTest.tearDown(LoginTest.java:39)
at tests.LoginTest.tearDown(LoginTest.java:39)
at tests.LoginTest.tearDown(LoginTest.java:39)
at tests.LoginTest.tearDown(LoginTest.java:39)
at tests.LoginTest.tearDown(LoginTest.java:39)
at tests.LoginTest.tearDown(LoginTest.java:39)
at tests.LoginTest.tearDown(LoginTest.java:39)
at tests.LoginTest.tearDown(LoginTest.java:39)
at tests.LoginTest.tearDown(LoginTest.java:39)
at tests.LoginTest.tearDown(LoginTest.java:39)
at tests.LoginTest.tearDown(LoginTest.java:39)
at tests.LoginTest.tearDown(LoginTest.java:39)
at tests.LoginTest.tearDown(LoginTest.java:39)
at tests.LoginTest.tearDown(LoginTest.java:39)
at tests.LoginTest.tearDown(LoginTest.java:39)
at tests.LoginTest.tearDown(LoginTest.java:39)
at tests.LoginTest.tearDown(LoginTest.java:39)
at tests.LoginTest.tearDown(LoginTest.java:39)
at tests.LoginTest.tearDown(LoginTest.java:39)
at tests.LoginTest.tearDown(LoginTest.java:39)
at tests.LoginTest.tearDown(LoginTest.java:39)
at tests.LoginTest.tearDown(LoginTest.java:39)
at tests.LoginTest.tearDown(LoginTest.java:39)
at tests.LoginTest.tearDown(LoginTest.java:39)
at tests.LoginTest.tearDown(LoginTest.java:39)
at tests.LoginTest.tearDown(LoginTest.java:39)
at tests.LoginTest.tearDown(LoginTest.java:39)
at tests.LoginTest.tearDown(LoginTest.java:39)
at tests.LoginTest.tearDown(LoginTest.java:39)
at tests.LoginTest.tearDown(LoginTest.java:39)
at tests.LoginTest.tearDown(LoginTest.java:39)
at tests.LoginTest.tearDown(LoginTest.java:39)
at tests.LoginTest.tearDown(LoginTest.java:39)
at tests.LoginTest.tearDown(LoginTest.java:39)
at tests.LoginTest.tearDown(LoginTest.java:39)
at tests.LoginTest.tearDown(LoginTest.java:39)
at tests.LoginTest.tearDown(LoginTest.java:39)
at tests.LoginTest.tearDown(LoginTest.java:39)
at tests.LoginTest.tearDown(LoginTest.java:39)
at tests.LoginTest.tearDown(LoginTest.java:39)
at tests.LoginTest.tearDown(LoginTest.java:39)
at tests.LoginTest.tearDown(LoginTest.java:39)
at tests.LoginTest.tearDown(LoginTest.java:39)
at tests.LoginTest.tearDown(LoginTest.java:39)
at tests.LoginTest.tearDown(LoginTest.java:39)
at tests.LoginTest.tearDown(LoginTest.java:39)
at tests.LoginTest.tearDown(LoginTest.java:39)
at tests.LoginTest.tearDown(LoginTest.java:39)
at tests.LoginTest.tearDown(LoginTest.java:39)
at tests.LoginTest.tearDown(LoginTest.java:39)
at tests.LoginTest.tearDown(LoginTest.java:39)
at tests.LoginTest.tearDown(LoginTest.java:39)
at tests.LoginTest.tearDown(LoginTest.java:39)
at tests.LoginTest.tearDown(LoginTest.java:39)
at tests.LoginTest.tearDown(LoginTest.java:39)
at tests.LoginTest.tearDown(LoginTest.java:39)
at tests.LoginTest.tearDown(LoginTest.java:39)
at tests.LoginTest.tearDown(LoginTest.java:39)
at tests.LoginTest.tearDown(LoginTest.java:39)
at tests.LoginTest.tearDown(LoginTest.java:39)
at tests.LoginTest.tearDown(LoginTest.java:39)
at tests.LoginTest.tearDown(LoginTest.java:39)
at tests.LoginTest.tearDown(LoginTest.java:39)
at tests.LoginTest.tearDown(LoginTest.java:39)
at tests.LoginTest.tearDown(LoginTest.java:39)
at tests.LoginTest.tearDown(LoginTest.java:39)
at tests.LoginTest.tearDown(LoginTest.java:39)
at tests.LoginTest.tearDown(LoginTest.java:39)
at tests.LoginTest.tearDown(LoginTest.java:39)
at tests.LoginTest.tearDown(LoginTest.java:39)
at tests.LoginTest.tearDown(LoginTest.java:39)
at tests.LoginTest.tearDown(LoginTest.java:39)
at tests.LoginTest.tearDown(LoginTest.java:39)
at tests.LoginTest.tearDown(LoginTest.java:39)
at tests.LoginTest.tearDown(LoginTest.java:39)
at tests.LoginTest.tearDown(LoginTest.java:39)
at tests.LoginTest.tearDown(LoginTest.java:39)
at tests.LoginTest.tearDown(LoginTest.java:39)
at tests.LoginTest.tearDown(LoginTest.java:39)
at tests.LoginTest.tearDown(LoginTest.java:39)
at tests.LoginTest.tearDown(LoginTest.java:39)
at tests.LoginTest.tearDown(LoginTest.java:39)
at tests.LoginTest.tearDown(LoginTest.java:39)
at tests.LoginTest.tearDown(LoginTest.java:39)
at tests.LoginTest.tearDown(LoginTest.java:39)
at tests.LoginTest.tearDown(LoginTest.java:39)
at tests.LoginTest.tearDown(LoginTest.java:39)
at tests.LoginTest.tearDown(LoginTest.java:39)
at tests.LoginTest.tearDown(LoginTest.java:39)
at tests.LoginTest.tearDown(LoginTest.java:39)
at tests.LoginTest.tearDown(LoginTest.java:39)
at tests.LoginTest.tearDown(LoginTest.java:39)
at tests.LoginTest.tearDown(LoginTest.java:39)
at tests.LoginTest.tearDown(LoginTest.java:39)
at tests.LoginTest.tearDown(LoginTest.java:39)
at tests.LoginTest.tearDown(LoginTest.java:39)
at tests.LoginTest.tearDown(LoginTest.java:39)
at tests.LoginTest.tearDown(LoginTest.java:39)
at tests.LoginTest.tearDown(LoginTest.java:39)
at tests.LoginTest.tearDown(LoginTest.java:39)
at tests.LoginTest.tearDown(LoginTest.java:39)
at tests.LoginTest.tearDown(LoginTest.java:39)
at tests.LoginTest.tearDown(LoginTest.java:39)
at tests.LoginTest.tearDown(LoginTest.java:39)
at tests.LoginTest.tearDown(LoginTest.java:39)
at tests.LoginTest.tearDown(LoginTest.java:39)
at tests.LoginTest.tearDown(LoginTest.java:39)
at tests.LoginTest.tearDown(LoginTest.java:39)
at tests.LoginTest.tearDown(LoginTest.java:39)
at tests.LoginTest.tearDown(LoginTest.java:39)
at tests.LoginTest.tearDown(LoginTest.java:39)
at tests.LoginTest.tearDown(LoginTest.java:39)
at tests.LoginTest.tearDown(LoginTest.java:39)
at tests.LoginTest.tearDown(LoginTest.java:39)
at tests.LoginTest.tearDown(LoginTest.java:39)
at tests.LoginTest.tearDown(LoginTest.java:39)
at tests.LoginTest.tearDown(LoginTest.java:39)
at tests.LoginTest.tearDown(LoginTest.java:39)
at tests.LoginTest.tearDown(LoginTest.java:39)
at tests.LoginTest.tearDown(LoginTest.java:39)
at tests.LoginTest.tearDown(LoginTest.java:39)
at tests.LoginTest.tearDown(LoginTest.java:39)
at tests.LoginTest.tearDown(LoginTest.java:39)
at tests.LoginTest.tearDown(LoginTest.java:39)
at tests.LoginTest.tearDown(LoginTest.java:39)
at tests.LoginTest.tearDown(LoginTest.java:39)
at tests.LoginTest.tearDown(LoginTest.java:39)
at tests.LoginTest.tearDown(LoginTest.java:39)
at tests.LoginTest.tearDown(LoginTest.java:39)
at tests.LoginTest.tearDown(LoginTest.java:39)
at tests.LoginTest.tearDown(LoginTest.java:39)
at tests.LoginTest.tearDown(LoginTest.java:39)
at tests.LoginTest.tearDown(LoginTest.java:39)
at tests.LoginTest.tearDown(LoginTest.java:39)
at tests.LoginTest.tearDown(LoginTest.java:39)
at tests.LoginTest.tearDown(LoginTest.java:39)
at tests.LoginTest.tearDown(LoginTest.java:39)
at tests.LoginTest.tearDown(LoginTest.java:39)
at tests.LoginTest.tearDown(LoginTest.java:39)
at tests.LoginTest.tearDown(LoginTest.java:39)
at tests.LoginTest.tearDown(LoginTest.java:39)
at tests.LoginTest.tearDown(LoginTest.java:39)
at tests.LoginTest.tearDown(LoginTest.java:39)
at tests.LoginTest.tearDown(LoginTest.java:39)
at tests.LoginTest.tearDown(LoginTest.java:39)
at tests.LoginTest.tearDown(LoginTest.java:39)
at tests.LoginTest.tearDown(LoginTest.java:39)
at tests.LoginTest.tearDown(LoginTest.java:39)
at tests.LoginTest.tearDown(LoginTest.java:39)
at tests.LoginTest.tearDown(LoginTest.java:39)
at tests.LoginTest.tearDown(LoginTest.java:39)
at tests.LoginTest.tearDown(LoginTest.java:39)
at tests.LoginTest.tearDown(LoginTest.java:39)
at tests.LoginTest.tearDown(LoginTest.java:39)
at tests.LoginTest.tearDown(LoginTest.java:39)
at tests.LoginTest.tearDown(LoginTest.java:39)
at tests.LoginTest.tearDown(LoginTest.java:39)
at tests.LoginTest.tearDown(LoginTest.java:39)
at tests.LoginTest.tearDown(LoginTest.java:39)
at tests.LoginTest.tearDown(LoginTest.java:39)
at tests.LoginTest.tearDown(LoginTest.java:39)
at tests.LoginTest.tearDown(LoginTest.java:39)
at tests.LoginTest.tearDown(LoginTest.java:39)
at tests.LoginTest.tearDown(LoginTest.java:39)
at tests.LoginTest.tearDown(LoginTest.java:39)
at tests.LoginTest.tearDown(LoginTest.java:39)
at tests.LoginTest.tearDown(LoginTest.java:39)
at tests.LoginTest.tearDown(LoginTest.java:39)
at tests.LoginTest.tearDown(LoginTest.java:39)
at tests.LoginTest.tearDown(LoginTest.java:39)
at tests.LoginTest.tearDown(LoginTest.java:39)
at tests.LoginTest.tearDown(LoginTest.java:39)
at tests.LoginTest.tearDown(LoginTest.java:39)
at tests.LoginTest.tearDown(LoginTest.java:39)
at tests.LoginTest.tearDown(LoginTest.java:39)
at tests.LoginTest.tearDown(LoginTest.java:39)
at tests.LoginTest.tearDown(LoginTest.java:39)
at tests.LoginTest.tearDown(LoginTest.java:39)
at tests.LoginTest.tearDown(LoginTest.java:39)
at tests.LoginTest.tearDown(LoginTest.java:39)
at tests.LoginTest.tearDown(LoginTest.java:39)
at tests.LoginTest.tearDown(LoginTest.java:39)
at tests.LoginTest.tearDown(LoginTest.java:39)
at tests.LoginTest.tearDown(LoginTest.java:39)
at tests.LoginTest.tearDown(LoginTest.java:39)
at tests.LoginTest.tearDown(LoginTest.java:39)
at tests.LoginTest.tearDown(LoginTest.java:39)
at tests.LoginTest.tearDown(LoginTest.java:39)
at tests.LoginTest.tearDown(LoginTest.java:39)
at tests.LoginTest.tearDown(LoginTest.java:39)
at tests.LoginTest.tearDown(LoginTest.java:39)
at tests.LoginTest.tearDown(LoginTest.java:39)
at tests.LoginTest.tearDown(LoginTest.java:39)
at tests.LoginTest.tearDown(LoginTest.java:39)
at tests.LoginTest.tearDown(LoginTest.java:39)
at tests.LoginTest.tearDown(LoginTest.java:39)
at tests.LoginTest.tearDown(LoginTest.java:39)
at tests.LoginTest.tearDown(LoginTest.java:39)
at tests.LoginTest.tearDown(LoginTest.java:39)
at tests.LoginTest.tearDown(LoginTest.java:39)
at tests.LoginTest.tearDown(LoginTest.java:39)
at tests.LoginTest.tearDown(LoginTest.java:39)
at tests.LoginTest.tearDown(LoginTest.java:39)
at tests.LoginTest.tearDown(LoginTest.java:39)
at tests.LoginTest.tearDown(LoginTest.java:39)
at tests.LoginTest.tearDown(LoginTest.java:39)
at tests.LoginTest.tearDown(LoginTest.java:39)
at tests.LoginTest.tearDown(LoginTest.java:39)
at tests.LoginTest.tearDown(LoginTest.java:39)
at tests.LoginTest.tearDown(LoginTest.java:39)
at tests.LoginTest.tearDown(LoginTest.java:39)
at tests.LoginTest.tearDown(LoginTest.java:39)
at tests.LoginTest.tearDown(LoginTest.java:39)
at tests.LoginTest.tearDown(LoginTest.java:39)
at tests.LoginTest.tearDown(LoginTest.java:39)
at tests.LoginTest.tearDown(LoginTest.java:39)
at tests.LoginTest.tearDown(LoginTest.java:39)
at tests.LoginTest.tearDown(LoginTest.java:39)
at tests.LoginTest.tearDown(LoginTest.java:39)
at tests.LoginTest.tearDown(LoginTest.java:39)
at tests.LoginTest.tearDown(LoginTest.java:39)
at tests.LoginTest.tearDown(LoginTest.java:39)
at tests.LoginTest.tearDown(LoginTest.java:39)
at tests.LoginTest.tearDown(LoginTest.java:39)
at tests.LoginTest.tearDown(LoginTest.java:39)
at tests.LoginTest.tearDown(LoginTest.java:39)
at tests.LoginTest.tearDown(LoginTest.java:39)
at tests.LoginTest.tearDown(LoginTest.java:39)
at tests.LoginTest.tearDown(LoginTest.java:39)
at tests.LoginTest.tearDown(LoginTest.java:39)
at tests.LoginTest.tearDown(LoginTest.java:39)
at tests.LoginTest.tearDown(LoginTest.java:39)
at tests.LoginTest.tearDown(LoginTest.java:39)
at tests.LoginTest.tearDown(LoginTest.java:39)
at tests.LoginTest.tearDown(LoginTest.java:39)
at tests.LoginTest.tearDown(LoginTest.java:39)
at tests.LoginTest.tearDown(LoginTest.java:39)
at tests.LoginTest.tearDown(LoginTest.java:39)
at tests.LoginTest.tearDown(LoginTest.java:39)
at tests.LoginTest.tearDown(LoginTest.java:39)
at tests.LoginTest.tearDown(LoginTest.java:39)
at tests.LoginTest.tearDown(LoginTest.java:39)
at tests.LoginTest.tearDown(LoginTest.java:39)
at tests.LoginTest.tearDown(LoginTest.java:39)
at tests.LoginTest.tearDown(LoginTest.java:39)
at tests.LoginTest.tearDown(LoginTest.java:39)
at tests.LoginTest.tearDown(LoginTest.java:39)
at tests.LoginTest.tearDown(LoginTest.java:39)
at tests.LoginTest.tearDown(LoginTest.java:39)
at tests.LoginTest.tearDown(LoginTest.java:39)
at tests.LoginTest.tearDown(LoginTest.java:39)
at tests.LoginTest.tearDown(LoginTest.java:39)
at tests.LoginTest.tearDown(LoginTest.java:39)
at tests.LoginTest.tearDown(LoginTest.java:39)
at tests.LoginTest.tearDown(LoginTest.java:39)
at tests.LoginTest.tearDown(LoginTest.java:39)
at tests.LoginTest.tearDown(LoginTest.java:39)
at tests.LoginTest.tearDown(LoginTest.java:39)
at tests.LoginTest.tearDown(LoginTest.java:39)
at tests.LoginTest.tearDown(LoginTest.java:39)
at tests.LoginTest.tearDown(LoginTest.java:39)
at tests.LoginTest.tearDown(LoginTest.java:39)
at tests.LoginTest.tearDown(LoginTest.java:39)
at tests.LoginTest.tearDown(LoginTest.java:39)
at tests.LoginTest.tearDown(LoginTest.java:39)
at tests.LoginTest.tearDown(LoginTest.java:39)
at tests.LoginTest.tearDown(LoginTest.java:39)
at tests.LoginTest.tearDown(LoginTest.java:39)
at tests.LoginTest.tearDown(LoginTest.java:39)
at tests.LoginTest.tearDown(LoginTest.java:39)
at tests.LoginTest.tearDown(LoginTest.java:39)
at tests.LoginTest.tearDown(LoginTest.java:39)
at tests.LoginTest.tearDown(LoginTest.java:39)
at tests.LoginTest.tearDown(LoginTest.java:39)
at tests.LoginTest.tearDown(LoginTest.java:39)
at tests.LoginTest.tearDown(LoginTest.java:39)
at tests.LoginTest.tearDown(LoginTest.java:39)
at tests.LoginTest.tearDown(LoginTest.java:39)
at tests.LoginTest.tearDown(LoginTest.java:39)
at tests.LoginTest.tearDown(LoginTest.java:39)
at tests.LoginTest.tearDown(LoginTest.java:39)
at tests.LoginTest.tearDown(LoginTest.java:39)
at tests.LoginTest.tearDown(LoginTest.java:39)
at tests.LoginTest.tearDown(LoginTest.java:39)
at tests.LoginTest.tearDown(LoginTest.java:39)
at tests.LoginTest.tearDown(LoginTest.java:39)
at tests.LoginTest.tearDown(LoginTest.java:39)
at tests.LoginTest.tearDown(LoginTest.java:39)
at tests.LoginTest.tearDown(LoginTest.java:39)
at tests.LoginTest.tearDown(LoginTest.java:39)
at tests.LoginTest.tearDown(LoginTest.java:39)
at tests.LoginTest.tearDown(LoginTest.java:39)
at tests.LoginTest.tearDown(LoginTest.java:39)
at tests.LoginTest.tearDown(LoginTest.java:39)
at tests.LoginTest.tearDown(LoginTest.java:39)
at tests.LoginTest.tearDown(LoginTest.java:39)
at tests.LoginTest.tearDown(LoginTest.java:39)
at tests.LoginTest.tearDown(LoginTest.java:39)
at tests.LoginTest.tearDown(LoginTest.java:39)
at tests.LoginTest.tearDown(LoginTest.java:39)
at tests.LoginTest.tearDown(LoginTest.java:39)
at tests.LoginTest.tearDown(LoginTest.java:39)
at tests.LoginTest.tearDown(LoginTest.java:39)
at tests.LoginTest.tearDown(LoginTest.java:39)
at tests.LoginTest.tearDown(LoginTest.java:39)
at tests.LoginTest.tearDown(LoginTest.java:39)
at tests.LoginTest.tearDown(LoginTest.java:39)
at tests.LoginTest.tearDown(LoginTest.java:39)
at tests.LoginTest.tearDown(LoginTest.java:39)
at tests.LoginTest.tearDown(LoginTest.java:39)
at tests.LoginTest.tearDown(LoginTest.java:39)
at tests.LoginTest.tearDown(LoginTest.java:39)
at tests.LoginTest.tearDown(LoginTest.java:39)
at tests.LoginTest.tearDown(LoginTest.java:39)
at tests.LoginTest.tearDown(LoginTest.java:39)
at tests.LoginTest.tearDown(LoginTest.java:39)
at tests.LoginTest.tearDown(LoginTest.java:39)
at tests.LoginTest.tearDown(LoginTest.java:39)
at tests.LoginTest.tearDown(LoginTest.java:39)
at tests.LoginTest.tearDown(LoginTest.java:39)
at tests.LoginTest.tearDown(LoginTest.java:39)
at tests.LoginTest.tearDown(LoginTest.java:39)
at tests.LoginTest.tearDown(LoginTest.java:39)
at tests.LoginTest.tearDown(LoginTest.java:39)
at tests.LoginTest.tearDown(LoginTest.java:39)
at tests.LoginTest.tearDown(LoginTest.java:39)
at tests.LoginTest.tearDown(LoginTest.java:39)
at tests.LoginTest.tearDown(LoginTest.java:39)
at tests.LoginTest.tearDown(LoginTest.java:39)
at tests.LoginTest.tearDown(LoginTest.java:39)
at tests.LoginTest.tearDown(LoginTest.java:39)
at tests.LoginTest.tearDown(LoginTest.java:39)
at tests.LoginTest.tearDown(LoginTest.java:39)
at tests.LoginTest.tearDown(LoginTest.java:39)
at tests.LoginTest.tearDown(LoginTest.java:39)
at tests.LoginTest.tearDown(LoginTest.java:39)
at tests.LoginTest.tearDown(LoginTest.java:39)
at tests.LoginTest.tearDown(LoginTest.java:39)
at tests.LoginTest.tearDown(LoginTest.java:39)
at tests.LoginTest.tearDown(LoginTest.java:39)
at tests.LoginTest.tearDown(LoginTest.java:39)
at tests.LoginTest.tearDown(LoginTest.java:39)
at tests.LoginTest.tearDown(LoginTest.java:39)
at tests.LoginTest.tearDown(LoginTest.java:39)
at tests.LoginTest.tearDown(LoginTest.java:39)
at tests.LoginTest.tearDown(LoginTest.java:39)
at tests.LoginTest.tearDown(LoginTest.java:39)
at tests.LoginTest.tearDown(LoginTest.java:39)
at tests.LoginTest.tearDown(LoginTest.java:39)
at tests.LoginTest.tearDown(LoginTest.java:39)
at tests.LoginTest.tearDown(LoginTest.java:39)
at tests.LoginTest.tearDown(LoginTest.java:39)
at tests.LoginTest.tearDown(LoginTest.java:39)
at tests.LoginTest.tearDown(LoginTest.java:39)
at tests.LoginTest.tearDown(LoginTest.java:39)
at tests.LoginTest.tearDown(LoginTest.java:39)
at tests.LoginTest.tearDown(LoginTest.java:39)
at tests.LoginTest.tearDown(LoginTest.java:39)
at tests.LoginTest.tearDown(LoginTest.java:39)
at tests.LoginTest.tearDown(LoginTest.java:39)
at tests.LoginTest.tearDown(LoginTest.java:39)
at tests.LoginTest.tearDown(LoginTest.java:39)
at tests.LoginTest.tearDown(LoginTest.java:39)
at tests.LoginTest.tearDown(LoginTest.java:39)
at tests.LoginTest.tearDown(LoginTest.java:39)
at tests.LoginTest.tearDown(LoginTest.java:39)
at tests.LoginTest.tearDown(LoginTest.java:39)
at tests.LoginTest.tearDown(LoginTest.java:39)
at tests.LoginTest.tearDown(LoginTest.java:39)
at tests.LoginTest.tearDown(LoginTest.java:39)
at tests.LoginTest.tearDown(LoginTest.java:39)
at tests.LoginTest.tearDown(LoginTest.java:39)
at tests.LoginTest.tearDown(LoginTest.java:39)
at tests.LoginTest.tearDown(LoginTest.java:39)
at tests.LoginTest.tearDown(LoginTest.java:39)
at tests.LoginTest.tearDown(LoginTest.java:39)
at tests.LoginTest.tearDown(LoginTest.java:39)
at tests.LoginTest.tearDown(LoginTest.java:39)
at tests.LoginTest.tearDown(LoginTest.java:39)
at tests.LoginTest.tearDown(LoginTest.java:39)
at tests.LoginTest.tearDown(LoginTest.java:39)
at tests.LoginTest.tearDown(LoginTest.java:39)
at tests.LoginTest.tearDown(LoginTest.java:39)
at tests.LoginTest.tearDown(LoginTest.java:39)
at tests.LoginTest.tearDown(LoginTest.java:39)
at tests.LoginTest.tearDown(LoginTest.java:39)
at tests.LoginTest.tearDown(LoginTest.java:39)
at tests.LoginTest.tearDown(LoginTest.java:39)
at tests.LoginTest.tearDown(LoginTest.java:39)
at tests.LoginTest.tearDown(LoginTest.java:39)
at tests.LoginTest.tearDown(LoginTest.java:39)
at tests.LoginTest.tearDown(LoginTest.java:39)
at tests.LoginTest.tearDown(LoginTest.java:39)
at tests.LoginTest.tearDown(LoginTest.java:39)
at tests.LoginTest.tearDown(LoginTest.java:39)
at tests.LoginTest.tearDown(LoginTest.java:39)
at tests.LoginTest.tearDown(LoginTest.java:39)
at tests.LoginTest.tearDown(LoginTest.java:39)
at tests.LoginTest.tearDown(LoginTest.java:39)
at tests.LoginTest.tearDown(LoginTest.java:39)
at tests.LoginTest.tearDown(LoginTest.java:39)
at tests.LoginTest.tearDown(LoginTest.java:39)
at tests.LoginTest.tearDown(LoginTest.java:39)
at tests.LoginTest.tearDown(LoginTest.java:39)
at tests.LoginTest.tearDown(LoginTest.java:39)
at tests.LoginTest.tearDown(LoginTest.java:39)
at tests.LoginTest.tearDown(LoginTest.java:39)
at tests.LoginTest.tearDown(LoginTest.java:39)
at tests.LoginTest.tearDown(LoginTest.java:39)
at tests.LoginTest.tearDown(LoginTest.java:39)
at tests.LoginTest.tearDown(LoginTest.java:39)
at tests.LoginTest.tearDown(LoginTest.java:39)
at tests.LoginTest.tearDown(LoginTest.java:39)
at tests.LoginTest.tearDown(LoginTest.java:39)
at tests.LoginTest.tearDown(LoginTest.java:39)
at tests.LoginTest.tearDown(LoginTest.java:39)
at tests.LoginTest.tearDown(LoginTest.java:39)
at tests.LoginTest.tearDown(LoginTest.java:39)
at tests.LoginTest.tearDown(LoginTest.java:39)
at tests.LoginTest.tearDown(LoginTest.java:39)
at tests.LoginTest.tearDown(LoginTest.java:39)
at tests.LoginTest.tearDown(LoginTest.java:39)
at tests.LoginTest.tearDown(LoginTest.java:39)
at tests.LoginTest.tearDown(LoginTest.java:39)
at tests.LoginTest.tearDown(LoginTest.java:39)
at tests.LoginTest.tearDown(LoginTest.java:39)
at tests.LoginTest.tearDown(LoginTest.java:39)
at tests.LoginTest.tearDown(LoginTest.java:39)
at tests.LoginTest.tearDown(LoginTest.java:39)
at tests.LoginTest.tearDown(LoginTest.java:39)
at tests.LoginTest.tearDown(LoginTest.java:39)
at tests.LoginTest.tearDown(LoginTest.java:39)
at tests.LoginTest.tearDown(LoginTest.java:39)
at tests.LoginTest.tearDown(LoginTest.java:39)
at tests.LoginTest.tearDown(LoginTest.java:39)
at tests.LoginTest.tearDown(LoginTest.java:39)
at tests.LoginTest.tearDown(LoginTest.java:39)
at tests.LoginTest.tearDown(LoginTest.java:39)
at tests.LoginTest.tearDown(LoginTest.java:39)
at tests.LoginTest.tearDown(LoginTest.java:39)
at tests.LoginTest.tearDown(LoginTest.java:39)
at tests.LoginTest.tearDown(LoginTest.java:39)
at tests.LoginTest.tearDown(LoginTest.java:39)
at tests.LoginTest.tearDown(LoginTest.java:39)
at tests.LoginTest.tearDown(LoginTest.java:39)
at tests.LoginTest.tearDown(LoginTest.java:39)
at tests.LoginTest.tearDown(LoginTest.java:39)
at tests.LoginTest.tearDown(LoginTest.java:39)
at tests.LoginTest.tearDown(LoginTest.java:39)
at tests.LoginTest.tearDown(LoginTest.java:39)
at tests.LoginTest.tearDown(LoginTest.java:39)
at tests.LoginTest.tearDown(LoginTest.java:39)
at tests.LoginTest.tearDown(LoginTest.java:39)
at tests.LoginTest.tearDown(LoginTest.java:39)
at tests.LoginTest.tearDown(LoginTest.java:39)
at tests.LoginTest.tearDown(LoginTest.java:39)
at tests.LoginTest.tearDown(LoginTest.java:39)
at tests.LoginTest.tearDown(LoginTest.java:39)
at tests.LoginTest.tearDown(LoginTest.java:39)
at tests.LoginTest.tearDown(LoginTest.java:39)
at tests.LoginTest.tearDown(LoginTest.java:39)
at tests.LoginTest.tearDown(LoginTest.java:39)
at tests.LoginTest.tearDown(LoginTest.java:39)
at tests.LoginTest.tearDown(LoginTest.java:39)
at tests.LoginTest.tearDown(LoginTest.java:39)
at tests.LoginTest.tearDown(LoginTest.java:39)
at tests.LoginTest.tearDown(LoginTest.java:39)
at tests.LoginTest.tearDown(LoginTest.java:39)
at tests.LoginTest.tearDown(LoginTest.java:39)
at tests.LoginTest.tearDown(LoginTest.java:39)
at tests.LoginTest.tearDown(LoginTest.java:39)
at tests.LoginTest.tearDown(LoginTest.java:39)
at tests.LoginTest.tearDown(LoginTest.java:39)
at tests.LoginTest.tearDown(LoginTest.java:39)
at tests.LoginTest.tearDown(LoginTest.java:39)
at tests.LoginTest.tearDown(LoginTest.java:39)
at tests.LoginTest.tearDown(LoginTest.java:39)
at tests.LoginTest.tearDown(LoginTest.java:39)
at tests.LoginTest.tearDown(LoginTest.java:39)
at tests.LoginTest.tearDown(LoginTest.java:39)
at tests.LoginTest.tearDown(LoginTest.java:39)
at tests.LoginTest.tearDown(LoginTest.java:39)
at tests.LoginTest.tearDown(LoginTest.java:39)
at tests.LoginTest.tearDown(LoginTest.java:39)
at tests.LoginTest.tearDown(LoginTest.java:39)
at tests.LoginTest.tearDown(LoginTest.java:39)
at tests.LoginTest.tearDown(LoginTest.java:39)
at tests.LoginTest.tearDown(LoginTest.java:39)
at tests.LoginTest.tearDown(LoginTest.java:39)
at tests.LoginTest.tearDown(LoginTest.java:39)
at tests.LoginTest.tearDown(LoginTest.java:39)
at tests.LoginTest.tearDown(LoginTest.java:39)
at tests.LoginTest.tearDown(LoginTest.java:39)
at tests.LoginTest.tearDown(LoginTest.java:39)
at tests.LoginTest.tearDown(LoginTest.java:39)
at tests.LoginTest.tearDown(LoginTest.java:39)
at tests.LoginTest.tearDown(LoginTest.java:39)
at tests.LoginTest.tearDown(LoginTest.java:39)
at tests.LoginTest.tearDown(LoginTest.java:39)
at tests.LoginTest.tearDown(LoginTest.java:39)
at tests.LoginTest.tearDown(LoginTest.java:39)
at tests.LoginTest.tearDown(LoginTest.java:39)
at tests.LoginTest.tearDown(LoginTest.java:39)
at tests.LoginTest.tearDown(LoginTest.java:39)
at tests.LoginTest.tearDown(LoginTest.java:39)
at tests.LoginTest.tearDown(LoginTest.java:39)
at tests.LoginTest.tearDown(LoginTest.java:39)
at tests.LoginTest.tearDown(LoginTest.java:39)
at tests.LoginTest.tearDown(LoginTest.java:39)
at tests.LoginTest.tearDown(LoginTest.java:39)
at tests.LoginTest.tearDown(LoginTest.java:39)
at tests.LoginTest.tearDown(LoginTest.java:39)
at tests.LoginTest.tearDown(LoginTest.java:39)
at tests.LoginTest.tearDown(LoginTest.java:39)
at tests.LoginTest.tearDown(LoginTest.java:39)
at tests.LoginTest.tearDown(LoginTest.java:39)
at tests.LoginTest.tearDown(LoginTest.java:39)
at tests.LoginTest.tearDown(LoginTest.java:39)
at tests.LoginTest.tearDown(LoginTest.java:39)
at tests.LoginTest.tearDown(LoginTest.java:39)
at tests.LoginTest.tearDown(LoginTest.java:39)
at tests.LoginTest.tearDown(LoginTest.java:39)
at tests.LoginTest.tearDown(LoginTest.java:39)
at tests.LoginTest.tearDown(LoginTest.java:39)
at tests.LoginTest.tearDown(LoginTest.java:39)
at tests.LoginTest.tearDown(LoginTest.java:39)
at tests.LoginTest.tearDown(LoginTest.java:39)
at tests.LoginTest.tearDown(LoginTest.java:39)
at tests.LoginTest.tearDown(LoginTest.java:39)
at tests.LoginTest.tearDown(LoginTest.java:39)
at tests.LoginTest.tearDown(LoginTest.java:39)
at tests.LoginTest.tearDown(LoginTest.java:39)
at tests.LoginTest.tearDown(LoginTest.java:39)
at tests.LoginTest.tearDown(LoginTest.java:39)
at tests.LoginTest.tearDown(LoginTest.java:39)
at tests.LoginTest.tearDown(LoginTest.java:39)
at tests.LoginTest.tearDown(LoginTest.java:39)
at tests.LoginTest.tearDown(LoginTest.java:39)
at tests.LoginTest.tearDown(LoginTest.java:39)
at tests.LoginTest.tearDown(LoginTest.java:39)
at tests.LoginTest.tearDown(LoginTest.java:39)
at tests.LoginTest.tearDown(LoginTest.java:39)
at tests.LoginTest.tearDown(LoginTest.java:39)
at tests.LoginTest.tearDown(LoginTest.java:39)
at tests.LoginTest.tearDown(LoginTest.java:39)
at tests.LoginTest.tearDown(LoginTest.java:39)
at tests.LoginTest.tearDown(LoginTest.java:39)
at tests.LoginTest.tearDown(LoginTest.java:39)
at tests.LoginTest.tearDown(LoginTest.java:39)
at tests.LoginTest.tearDown(LoginTest.java:39)
at tests.LoginTest.tearDown(LoginTest.java:39)
at tests.LoginTest.tearDown(LoginTest.java:39)
at tests.LoginTest.tearDown(LoginTest.java:39)
at tests.LoginTest.tearDown(LoginTest.java:39)
at tests.LoginTest.tearDown(LoginTest.java:39)
at tests.LoginTest.tearDown(LoginTest.java:39)
at tests.LoginTest.tearDown(LoginTest.java:39)
at tests.LoginTest.tearDown(LoginTest.java:39)
at tests.LoginTest.tearDown(LoginTest.java:39)
at tests.LoginTest.tearDown(LoginTest.java:39)
at tests.LoginTest.tearDown(LoginTest.java:39)
at tests.LoginTest.tearDown(LoginTest.java:39)
at tests.LoginTest.tearDown(LoginTest.java:39)
at tests.LoginTest.tearDown(LoginTest.java:39)
at tests.LoginTest.tearDown(LoginTest.java:39)
at tests.LoginTest.tearDown(LoginTest.java:39)
at tests.LoginTest.tearDown(LoginTest.java:39)
at tests.LoginTest.tearDown(LoginTest.java:39)
at tests.LoginTest.tearDown(LoginTest.java:39)
at tests.LoginTest.tearDown(LoginTest.java:39)
at tests.LoginTest.tearDown(LoginTest.java:39)
at tests.LoginTest.tearDown(LoginTest.java:39)
at tests.LoginTest.tearDown(LoginTest.java:39)
at tests.LoginTest.tearDown(LoginTest.java:39)
at tests.LoginTest.tearDown(LoginTest.java:39)
at tests.LoginTest.tearDown(LoginTest.java:39)
at tests.LoginTest.tearDown(LoginTest.java:39)
at tests.LoginTest.tearDown(LoginTest.java:39)
]]>
    </failure>
  </testcase> <!-- @AfterMethod tearDown -->
  <testcase classname="tests.LoginTest" name="@BeforeMethod setUp" time="0.0">
    <skipped/>
  </testcase> <!-- @BeforeMethod setUp -->
  <testcase classname="tests.LoginTest" name="@AfterMethod tearDown" time="0.0">
    <skipped/>
  </testcase> <!-- @AfterMethod tearDown -->
  <testcase classname="tests.LoginTest" name="testInvalidLogin" time="2.517"/>
  <testcase classname="tests.LoginTest" name="testValidLogin" time="0.0">
    <skipped/>
  </testcase> <!-- testValidLogin -->
</testsuite> <!-- Login Tests -->
